<?xml version="1.0" encoding="UTF-8"?>
<!-- Generated by org.testng.reporters.JUnitXMLReporter -->
<testsuite ignored="2" hostname="DESKTOP-6O75AJE" failures="0" tests="1" name="Regression 1" time="0.125" errors="0" timestamp="2024-05-09T10:54:12 IST">
  <testcase classname="pkgTestScripts.ExporterTest" name="@BeforeTest getDriver" time="0.021">
    <failure type="java.lang.NullPointerException" message="Cannot invoke &amp;quot;java.util.Properties.getProperty(String)&amp;quot; because &amp;quot;pkgCommonFiles.BaseClass.envProp&amp;quot; is null">
      <![CDATA[java.lang.NullPointerException: Cannot invoke "java.util.Properties.getProperty(String)" because "pkgCommonFiles.BaseClass.envProp" is null
at pkgCommonFiles.BaseClass.launchURL(BaseClass.java:51)
at pkgTestScripts.ExporterTest.getDriver(ExporterTest.java:27)
... Removed 24 stack frames]]>
    </failure>
  </testcase> <!-- @BeforeTest getDriver -->
  <testcase classname="pkgTestScripts.ExporterTest" name="@AfterMethod killProcess" time="0.0">
    <skipped/>
  </testcase> <!-- @AfterMethod killProcess -->
  <testcase classname="pkgTestScripts.ExporterTest" name="managexpoprofile" time="0.001">
    <skipped/>
  </testcase> <!-- managexpoprofile -->
  <testcase classname="pkgTestScripts.ExporterTest" name="verifyexporegister" time="0.0">
    <ignored/>
  </testcase> <!-- verifyexporegister -->
  <testcase classname="pkgTestScripts.ExporterTest" name="registerExporter" time="0.0">
    <ignored/>
  </testcase> <!-- registerExporter -->
</testsuite> <!-- Regression 1 -->
